<?xml version="1.0" encoding="UTF-8"?>
<!-- Generated by org.testng.reporters.JUnitReportReporter -->
<testsuite hostname="DESKTOP-DPP3R90" failures="0" tests="2" name="testNG.UnderstandingSequenceOfAnnotations" time="0.006" errors="0" timestamp="2021-01-31T19:33:13 EST" skipped="0">
  <testcase classname="testNG.UnderstandingSequenceOfAnnotations" name="test2" time="0.001"/>
  <system-out/>
  <testcase classname="testNG.UnderstandingSequenceOfAnnotations" name="test1" time="0.005"/>
  <system-out/>
</testsuite> <!-- testNG.UnderstandingSequenceOfAnnotations -->
